Построение начато 21.12.2022 22:11:44.
     1>Проект "c:\Users\79374\documents\visual studio 2010\Projects\llab8\llab8\llab8.vcxproj" в узле 2 (целевые объекты build).
     1>InitializeBuildStatus:
         Создание "Debug\llab8.unsuccessfulbuild", так как было задано "AlwaysCreate".
       ClCompile:
         E:\2010\VC\bin\CL.exe /c /ZI /nologo /W3 /WX- /Od /Oy- /D WIN32 /D _DEBUG /D _CONSOLE /D _UNICODE /D UNICODE /Gm /EHsc /RTC1 /MDd /GS /fp:precise /Zc:wchar_t /Zc:forScope /Fo"Debug\\" /Fd"Debug\vc100.pdb" /Gd /TP /analyze- /errorReport:prompt llab8.cpp
         llab8.cpp
     1>c:\users\79374\documents\visual studio 2010\projects\llab8\llab8\llab8.cpp(13): warning C4996: 'scanf': This function or variable may be unsafe. Consider using scanf_s instead. To disable deprecation, use _CRT_SECURE_NO_WARNINGS. See online help for details.
                 e:\2010\vc\include\stdio.h(304): см. объявление "scanf"
     1>c:\users\79374\documents\visual studio 2010\projects\llab8\llab8\llab8.cpp(18): warning C4244: аргумент: преобразование "time_t" в "unsigned int", возможна потеря данных
     1>c:\users\79374\documents\visual studio 2010\projects\llab8\llab8\llab8.cpp(35): warning C4018: <: несоответствие типов со знаком и без знака
     1>c:\users\79374\documents\visual studio 2010\projects\llab8\llab8\llab8.cpp(36): warning C4018: <: несоответствие типов со знаком и без знака
       ManifestResourceCompile:
         Для всех выходных данных обновления не требуется.
       Link:
         E:\2010\VC\bin\link.exe /ERRORREPORT:PROMPT /OUT:"c:\users\79374\documents\visual studio 2010\Projects\llab8\Debug\llab8.exe" /INCREMENTAL /NOLOGO kernel32.lib user32.lib gdi32.lib winspool.lib comdlg32.lib advapi32.lib shell32.lib ole32.lib oleaut32.lib uuid.lib odbc32.lib odbccp32.lib /MANIFEST /ManifestFile:"Debug\llab8.exe.intermediate.manifest" /MANIFESTUAC:"level='asInvoker' uiAccess='false'" /DEBUG /PDB:"c:\users\79374\documents\visual studio 2010\Projects\llab8\Debug\llab8.pdb" /SUBSYSTEM:CONSOLE /TLBID:1 /DYNAMICBASE /NXCOMPAT /IMPLIB:"c:\users\79374\documents\visual studio 2010\Projects\llab8\Debug\llab8.lib" /MACHINE:X86 Debug\llab8.exe.embed.manifest.res
         Debug\llab8.obj
         Debug\stdafx.obj
       Manifest:
         C:\Program Files (x86)\Microsoft SDKs\Windows\v7.0A\bin\mt.exe /nologo /verbose /out:"Debug\llab8.exe.embed.manifest" /manifest Debug\llab8.exe.intermediate.manifest
         Для всех выходных данных обновления не требуется.
       LinkEmbedManifest:
         Для всех выходных данных обновления не требуется.
         llab8.vcxproj -> c:\users\79374\documents\visual studio 2010\Projects\llab8\Debug\llab8.exe
       FinalizeBuildStatus:
         Файл "Debug\llab8.unsuccessfulbuild" удаляется.
         Обращение к "Debug\llab8.lastbuildstate".
     1>Построение проекта "c:\Users\79374\documents\visual studio 2010\Projects\llab8\llab8\llab8.vcxproj" завершено (целевые объекты build).

Построение успешно завершено.

Затраченное время: 00:00:00.70
